==1499408== Memcheck, a memory error detector
==1499408== Copyright (C) 2002-2017, and GNU GPL'd, by Julian Seward et al.
==1499408== Using Valgrind-3.18.1 and LibVEX; rerun with -h for copyright info
==1499408== Command: ./ircserv 6667 1313
==1499408== Parent PID: 1474384
==1499408== 
==1499408== 
==1499408== FILE DESCRIPTORS: 6 open (3 std) at exit.
==1499408== Open file descriptor 103: /sgoinfre/students/atudor/code/v8_context_snapshot.bin
==1499408==    <inherited from parent>
==1499408== 
==1499408== Open file descriptor 41: /home/atudor/.config/Code/logs/20250724T025744/ptyhost.log
==1499408==    <inherited from parent>
==1499408== 
==1499408== Open file descriptor 3: /home/atudor/Desktop/gft_irc/valgrind.log
==1499408==    <inherited from parent>
==1499408== 
==1499408== 
==1499408== HEAP SUMMARY:
==1499408==     in use at exit: 0 bytes in 0 blocks
==1499408==   total heap usage: 1,310 allocs, 1,310 frees, 152,108 bytes allocated
==1499408== 
==1499408== All heap blocks were freed -- no leaks are possible
==1499408== 
==1499408== For lists of detected and suppressed errors, rerun with: -s
==1499408== ERROR SUMMARY: 0 errors from 0 contexts (suppressed: 0 from 0)
